

*******************************************************************************
Thu Nov  6 19:57:50 2014


FIT:    data read from "a1_1.dat" using 1:2:4
        format = x:z:s
        x range restricted to [0.00000 : 0.900000]
        #datapoints = 24
function used for fitting: f(x)
fitted parameters initialized with current variable values

BREAK:          Undefined value during function evaluation



*******************************************************************************
Thu Nov  6 19:59:09 2014


FIT:    data read from "a1_1.dat" using 1:2:4
        format = x:z:s
        x range restricted to [0.00000 : 0.900000]
        #datapoints = 24
function used for fitting: f(x)
fitted parameters initialized with current variable values

BREAK:          Undefined value during function evaluation



*******************************************************************************
Thu Nov  6 20:00:01 2014


FIT:    data read from "a1_1.dat" using 1:2:4
        format = x:z:s
        x range restricted to [0.00000 : 0.900000]
        #datapoints = 24
function used for fitting: f(x)
fitted parameters initialized with current variable values

BREAK:          Undefined value during function evaluation



*******************************************************************************
Thu Nov  6 20:01:45 2014


FIT:    data read from "a1_1.dat" using 1:2:4
        format = x:z:s
        x range restricted to [0.00000 : 0.900000]
        #datapoints = 24
function used for fitting: f(x)
fitted parameters initialized with current variable values

BREAK:          Undefined value during function evaluation



*******************************************************************************
Thu Nov  6 20:02:24 2014


FIT:    data read from "a1_1.dat" using 1:2:4
        format = x:z:s
        x range restricted to [0.00000 : 0.900000]
        #datapoints = 24
function used for fitting: f(x)
fitted parameters initialized with current variable values

BREAK:          Undefined value during function evaluation



*******************************************************************************
Thu Nov  6 20:03:34 2014


FIT:    data read from "a1_1.dat" using 1:2:4
        format = x:z:s
        x range restricted to [0.00000 : 0.900000]
        #datapoints = 24
function used for fitting: f(x)
fitted parameters initialized with current variable values



 Iteration 0
 WSSR        : 3.46319e+31       delta(WSSR)/WSSR   : 0
 delta(WSSR) : 0                 limit for stopping : 1e-05
 lambda	  : 1.19634e+14

initial set of free parameter values

m               = 10
a               = 300

After 6 iterations the fit converged.
final sum of squares of residuals : 317695
rel. change during last iteration : -1.02245e-11

degrees of freedom    (FIT_NDF)                        : 22
rms of residuals      (FIT_STDFIT) = sqrt(WSSR/ndf)    : 120.169
variance of residuals (reduced chisquare) = WSSR/ndf   : 14440.7

Final set of parameters            Asymptotic Standard Error
=======================            ==========================

m               = 1.10684e-11      +/- 2.924e-11    (264.2%)
a               = 306.881          +/- 27.87        (9.083%)


correlation matrix of the fit parameters:

               m      a      
m               1.000 
a               1.000  1.000 


*******************************************************************************
Thu Nov  6 20:04:20 2014


FIT:    data read from "a1_1.dat" using 1:2:4
        format = x:z:s
        x range restricted to [0.00000 : 0.900000]
        #datapoints = 24
function used for fitting: f(x)
fitted parameters initialized with current variable values



 Iteration 0
 WSSR        : 3.46319e+29       delta(WSSR)/WSSR   : 0
 delta(WSSR) : 0                 limit for stopping : 1e-05
 lambda	  : 8.53578e+13

initial set of free parameter values

m               = 1
a               = 300

After 5 iterations the fit converged.
final sum of squares of residuals : 351813
rel. change during last iteration : -9.11633e-14

degrees of freedom    (FIT_NDF)                        : 22
rms of residuals      (FIT_STDFIT) = sqrt(WSSR/ndf)    : 126.457
variance of residuals (reduced chisquare) = WSSR/ndf   : 15991.5

Final set of parameters            Asymptotic Standard Error
=======================            ==========================

m               = 5.66534e-12      +/- 1.62e-11     (286%)
a               = 300.096          +/- 28.86        (9.616%)


correlation matrix of the fit parameters:

               m      a      
m               1.000 
a               1.000  1.000 


*******************************************************************************
Thu Nov  6 20:04:48 2014


FIT:    data read from "a1_1.dat" using 1:2:4
        format = x:z:s
        x range restricted to [0.00000 : 0.900000]
        #datapoints = 24
function used for fitting: f(x)
fitted parameters initialized with current variable values



 Iteration 0
 WSSR        : 1.28534e+33       delta(WSSR)/WSSR   : 0
 delta(WSSR) : 0                 limit for stopping : 1e-05
 lambda	  : 4.99267e+14

initial set of free parameter values

m               = 100
a               = 305

After 9 iterations the fit converged.
final sum of squares of residuals : 156379
rel. change during last iteration : -1.22833e-12

degrees of freedom    (FIT_NDF)                        : 22
rms of residuals      (FIT_STDFIT) = sqrt(WSSR/ndf)    : 84.3097
variance of residuals (reduced chisquare) = WSSR/ndf   : 7108.12

Final set of parameters            Asymptotic Standard Error
=======================            ==========================

m               = 3.55584e-10      +/- 5.631e-10    (158.4%)
a               = 347.648          +/- 21.44        (6.166%)


correlation matrix of the fit parameters:

               m      a      
m               1.000 
a               1.000  1.000 


*******************************************************************************
Thu Nov  6 20:05:04 2014


FIT:    data read from "a1_1.dat" using 1:2:4
        format = x:z:s
        x range restricted to [0.00000 : 0.900000]
        #datapoints = 24
function used for fitting: f(x)
fitted parameters initialized with current variable values



 Iteration 0
 WSSR        : 7.9214e+31        delta(WSSR)/WSSR   : 0
 delta(WSSR) : 0                 limit for stopping : 1e-05
 lambda	  : 1.12741e+14

initial set of free parameter values

m               = 100
a               = 320

After 9 iterations the fit converged.
final sum of squares of residuals : 107052
rel. change during last iteration : -2.20108e-11

degrees of freedom    (FIT_NDF)                        : 22
rms of residuals      (FIT_STDFIT) = sqrt(WSSR/ndf)    : 69.7568
variance of residuals (reduced chisquare) = WSSR/ndf   : 4866.02

Final set of parameters            Asymptotic Standard Error
=======================            ==========================

m               = 1.25448e-09      +/- 1.546e-09    (123.2%)
a               = 365.308          +/- 18.41        (5.041%)


correlation matrix of the fit parameters:

               m      a      
m               1.000 
a               1.000  1.000 


*******************************************************************************
Thu Nov  6 20:05:30 2014


FIT:    data read from "a1_1.dat" using 1:2:4
        format = x:z:s
        x range restricted to [0.00000 : 0.900000]
        #datapoints = 24
function used for fitting: f(x)
fitted parameters initialized with current variable values



 Iteration 0
 WSSR        : 7.9214e+27        delta(WSSR)/WSSR   : 0
 delta(WSSR) : 0                 limit for stopping : 1e-05
 lambda	  : 1.28951e+13

initial set of free parameter values

m               = 1
a               = 320

After 5 iterations the fit converged.
final sum of squares of residuals : 257564
rel. change during last iteration : -2.25993e-15

degrees of freedom    (FIT_NDF)                        : 22
rms of residuals      (FIT_STDFIT) = sqrt(WSSR/ndf)    : 108.201
variance of residuals (reduced chisquare) = WSSR/ndf   : 11707.5

Final set of parameters            Asymptotic Standard Error
=======================            ==========================

m               = 3.75387e-11      +/- 8.466e-11    (225.5%)
a               = 320.085          +/- 25.88        (8.086%)


correlation matrix of the fit parameters:

               m      a      
m               1.000 
a               1.000  1.000 


*******************************************************************************
Thu Nov  6 20:05:38 2014


FIT:    data read from "a1_1.dat" using 1:2:4
        format = x:z:s
        x range restricted to [0.00000 : 0.900000]
        #datapoints = 24
function used for fitting: f(x)
fitted parameters initialized with current variable values



 Iteration 0
 WSSR        : 7.9214e+33        delta(WSSR)/WSSR   : 0
 delta(WSSR) : 0                 limit for stopping : 1e-05
 lambda	  : 1.12014e+15

initial set of free parameter values

m               = 1000
a               = 320

After 11 iterations the fit converged.
final sum of squares of residuals : 52264.4
rel. change during last iteration : -1.94901e-09

degrees of freedom    (FIT_NDF)                        : 22
rms of residuals      (FIT_STDFIT) = sqrt(WSSR/ndf)    : 48.7407
variance of residuals (reduced chisquare) = WSSR/ndf   : 2375.65

Final set of parameters            Asymptotic Standard Error
=======================            ==========================

m               = 6.86561e-09      +/- 5.42e-09     (78.95%)
a               = 392.202          +/- 13.6         (3.469%)


correlation matrix of the fit parameters:

               m      a      
m               1.000 
a               1.000  1.000 


*******************************************************************************
Thu Nov  6 20:05:48 2014


FIT:    data read from "a1_1.dat" using 1:2:4
        format = x:z:s
        x range restricted to [0.00000 : 0.900000]
        #datapoints = 24
function used for fitting: f(x)
fitted parameters initialized with current variable values



 Iteration 0
 WSSR        : 7.9214e+35        delta(WSSR)/WSSR   : 0
 delta(WSSR) : 0                 limit for stopping : 1e-05
 lambda	  : 1.12006e+16

initial set of free parameter values

m               = 10000
a               = 320

After 13 iterations the fit converged.
final sum of squares of residuals : 16745.9
rel. change during last iteration : -1.53834e-07

degrees of freedom    (FIT_NDF)                        : 22
rms of residuals      (FIT_STDFIT) = sqrt(WSSR/ndf)    : 27.5894
variance of residuals (reduced chisquare) = WSSR/ndf   : 761.177

Final set of parameters            Asymptotic Standard Error
=======================            ==========================

m               = 3.44447e-08      +/- 1.413e-08    (41.03%)
a               = 421.707          +/- 8.176        (1.939%)


correlation matrix of the fit parameters:

               m      a      
m               1.000 
a               1.000  1.000 


*******************************************************************************
Thu Nov  6 20:05:58 2014


FIT:    data read from "a1_1.dat" using 1:2:4
        format = x:z:s
        x range restricted to [0.00000 : 0.900000]
        #datapoints = 24
function used for fitting: f(x)
fitted parameters initialized with current variable values



 Iteration 0
 WSSR        : 7.9214e+39        delta(WSSR)/WSSR   : 0
 delta(WSSR) : 0                 limit for stopping : 1e-05
 lambda	  : 1.12006e+18

initial set of free parameter values

m               = 1e+06
a               = 320

After 62 iterations the fit converged.
final sum of squares of residuals : 2609.96
rel. change during last iteration : -5.95144e-10

degrees of freedom    (FIT_NDF)                        : 22
rms of residuals      (FIT_STDFIT) = sqrt(WSSR/ndf)    : 10.8919
variance of residuals (reduced chisquare) = WSSR/ndf   : 118.634

Final set of parameters            Asymptotic Standard Error
=======================            ==========================

m               = 1.86027e-07      +/- 2.747e-08    (14.77%)
a               = 457.792          +/- 3.47         (0.758%)


correlation matrix of the fit parameters:

               m      a      
m               1.000 
a               1.000  1.000 


*******************************************************************************
Thu Nov  6 20:06:36 2014


FIT:    data read from "a1_1.dat" using 1:2:4
        format = x:z:s
        x range restricted to [0.00000 : 0.900000]
        #datapoints = 24
function used for fitting: f(x)
fitted parameters initialized with current variable values



 Iteration 0
 WSSR        : 7.9214e+43        delta(WSSR)/WSSR   : 0
 delta(WSSR) : 0                 limit for stopping : 1e-05
 lambda	  : 1.12006e+20

initial set of free parameter values

m               = 1e+08
a               = 320

After 86 iterations the fit converged.
final sum of squares of residuals : 2609.96
rel. change during last iteration : -6.13324e-10

degrees of freedom    (FIT_NDF)                        : 22
rms of residuals      (FIT_STDFIT) = sqrt(WSSR/ndf)    : 10.8919
variance of residuals (reduced chisquare) = WSSR/ndf   : 118.634

Final set of parameters            Asymptotic Standard Error
=======================            ==========================

m               = 1.86027e-07      +/- 2.747e-08    (14.77%)
a               = 457.792          +/- 3.47         (0.758%)


correlation matrix of the fit parameters:

               m      a      
m               1.000 
a               1.000  1.000 


*******************************************************************************
Thu Nov  6 20:06:45 2014


FIT:    data read from "a1_1.dat" using 1:2:4
        format = x:z:s
        x range restricted to [0.00000 : 0.900000]
        #datapoints = 24
function used for fitting: f(x)
fitted parameters initialized with current variable values



 Iteration 0
 WSSR        : 4.47163e+33       delta(WSSR)/WSSR   : 0
 delta(WSSR) : 0                 limit for stopping : 1e-05
 lambda	  : 2.8393e+14

initial set of free parameter values

m               = 1e+08
a               = 550
BREAK:          Undefined value during function evaluation



*******************************************************************************
Thu Nov  6 20:06:55 2014


FIT:    data read from "a1_1.dat" using 1:2:4
        format = x:z:s
        x range restricted to [0.00000 : 0.900000]
        #datapoints = 24
function used for fitting: f(x)
fitted parameters initialized with current variable values



 Iteration 0
 WSSR        : 4.47163e+29       delta(WSSR)/WSSR   : 0
 delta(WSSR) : 0                 limit for stopping : 1e-05
 lambda	  : 2.8393e+12

initial set of free parameter values

m               = 1e+06
a               = 550

After 734 iterations the fit converged.
final sum of squares of residuals : 2609.96
rel. change during last iteration : -5.45104e-10

degrees of freedom    (FIT_NDF)                        : 22
rms of residuals      (FIT_STDFIT) = sqrt(WSSR/ndf)    : 10.8919
variance of residuals (reduced chisquare) = WSSR/ndf   : 118.634

Final set of parameters            Asymptotic Standard Error
=======================            ==========================

m               = 1.86027e-07      +/- 2.747e-08    (14.77%)
a               = 457.792          +/- 3.47         (0.758%)


correlation matrix of the fit parameters:

               m      a      
m               1.000 
a               1.000  1.000 


*******************************************************************************
Thu Nov  6 20:08:49 2014


FIT:    data read from "a1_1.dat" using 1:2:4
        format = x:z:s
        x range restricted to [0.00000 : 0.900000]
        #datapoints = 24
function used for fitting: f(x)
fitted parameters initialized with current variable values



 Iteration 0
 WSSR        : 4.43406e+29       delta(WSSR)/WSSR   : 0
 delta(WSSR) : 0                 limit for stopping : 1e-05
 lambda	  : 2.82661e+12

initial set of free parameter values

m               = 1e+06
a               = 550

After 735 iterations the fit converged.
final sum of squares of residuals : 2609.96
rel. change during last iteration : -6.35999e-10

degrees of freedom    (FIT_NDF)                        : 22
rms of residuals      (FIT_STDFIT) = sqrt(WSSR/ndf)    : 10.8919
variance of residuals (reduced chisquare) = WSSR/ndf   : 118.634

Final set of parameters            Asymptotic Standard Error
=======================            ==========================

m               = 1.86027e-07      +/- 2.747e-08    (14.77%)
a               = 457.673          +/- 3.469        (0.758%)


correlation matrix of the fit parameters:

               m      a      
m               1.000 
a               1.000  1.000 


*******************************************************************************
Thu Nov  6 20:09:04 2014


FIT:    data read from "a1_1.dat" using 1:2:4
        format = x:z:s
        x range restricted to [0.00000 : 0.900000]
        #datapoints = 24
function used for fitting: f(x)
fitted parameters initialized with current variable values



 Iteration 0
 WSSR        : 3.40949e+41       delta(WSSR)/WSSR   : 0
 delta(WSSR) : 0                 limit for stopping : 1e-05
 lambda	  : 1.1919e+14

initial set of free parameter values

m               = 1e+06

After 6 iterations the fit converged.
final sum of squares of residuals : 351910
rel. change during last iteration : -1.65405e-16

degrees of freedom    (FIT_NDF)                        : 23
rms of residuals      (FIT_STDFIT) = sqrt(WSSR/ndf)    : 123.695
variance of residuals (reduced chisquare) = WSSR/ndf   : 15300.4

Final set of parameters            Asymptotic Standard Error
=======================            ==========================

m               = 5.65464e-12      +/- 2.118e-13    (3.746%)


correlation matrix of the fit parameters:

               m      
m               1.000 


*******************************************************************************
Thu Nov  6 20:10:39 2014


FIT:    data read from "a1_1.dat" using 1:2:4
        format = x:z:s
        x range restricted to [0.00000 : 0.900000]
        #datapoints = 24
function used for fitting: f(x)
fitted parameters initialized with current variable values



 Iteration 0
 WSSR        : 6.78977e+06       delta(WSSR)/WSSR   : 0
 delta(WSSR) : 0                 limit for stopping : 1e-05
 lambda	  : 1.1919e+14

initial set of free parameter values

m               = 1e-11

After 3 iterations the fit converged.
final sum of squares of residuals : 351910
rel. change during last iteration : -5.07745e-09

degrees of freedom    (FIT_NDF)                        : 23
rms of residuals      (FIT_STDFIT) = sqrt(WSSR/ndf)    : 123.695
variance of residuals (reduced chisquare) = WSSR/ndf   : 15300.4

Final set of parameters            Asymptotic Standard Error
=======================            ==========================

m               = 5.65464e-12      +/- 2.118e-13    (3.746%)


correlation matrix of the fit parameters:

               m      
m               1.000 


*******************************************************************************
Thu Nov  6 20:15:08 2014


FIT:    data read from "a1_1.dat" using 1:2:4
        format = x:z:s
        x range restricted to [0.00000 : 0.900000]
        #datapoints = 24
function used for fitting: f(x)
fitted parameters initialized with current variable values



 Iteration 0
 WSSR        : 2.51535e+242      delta(WSSR)/WSSR   : 0
 delta(WSSR) : 0                 limit for stopping : 1e-05
 lambda	  : 3.23738e+131

initial set of free parameter values

m               = 1e-11

The maximum lambda = 1.000000e+20 was exceeded. Fit stopped.
final sum of squares of residuals : 4.02455e+239
rel. change during last iteration : -624

degrees of freedom    (FIT_NDF)                        : 23
rms of residuals      (FIT_STDFIT) = sqrt(WSSR/ndf)    : 1.3228e+119
variance of residuals (reduced chisquare) = WSSR/ndf   : 1.74981e+238

Final set of parameters            Asymptotic Standard Error
=======================            ==========================

m               = 4e-13            +/- 8.341e-14    (20.85%)


correlation matrix of the fit parameters:

               m      
m               1.000 


*******************************************************************************
Thu Nov  6 20:15:27 2014


FIT:    data read from "a1_1.dat" using 1:2:4
        format = x:z:s
        x range restricted to [0.00000 : 0.900000]
        #datapoints = 24
function used for fitting: f(x)
fitted parameters initialized with current variable values



 Iteration 0
 WSSR        : 2.51535e+242      delta(WSSR)/WSSR   : 0
 delta(WSSR) : 0                 limit for stopping : 1e-05
 lambda	  : 2.28917e+131

initial set of free parameter values

m               = 1e-11
a               = 300

The maximum lambda = 1.000000e+20 was exceeded. Fit stopped.
final sum of squares of residuals : 1.04762e+239
rel. change during last iteration : -2400

degrees of freedom    (FIT_NDF)                        : 22
rms of residuals      (FIT_STDFIT) = sqrt(WSSR/ndf)    : 6.90067e+118
variance of residuals (reduced chisquare) = WSSR/ndf   : 4.76193e+237

Final set of parameters            Asymptotic Standard Error
=======================            ==========================

m               = 2.04082e-13      +/- 851.9        (4.174e+17%)
a               = 300              +/- 3.579e+15    (1.193e+15%)


correlation matrix of the fit parameters:

               m      a      
m               1.000 
a              -1.000  1.000 


*******************************************************************************
Thu Nov  6 20:15:37 2014


FIT:    data read from "a1_1.dat" using 1:2:4
        format = x:z:s
        x range restricted to [0.00000 : 0.900000]
        #datapoints = 24
function used for fitting: f(x)
fitted parameters initialized with current variable values



 Iteration 0
 WSSR        : 2.51535e+264      delta(WSSR)/WSSR   : 0
 delta(WSSR) : 0                 limit for stopping : 1e-05
 lambda	  : 3.5167e+131

initial set of free parameter values

m               = 1
a               = 300

The maximum lambda = 1.000000e+20 was exceeded. Fit stopped.
final sum of squares of residuals : 3.26844e+263
rel. change during last iteration : -6.69587

degrees of freedom    (FIT_NDF)                        : 22
rms of residuals      (FIT_STDFIT) = sqrt(WSSR/ndf)    : 1.21887e+131
variance of residuals (reduced chisquare) = WSSR/ndf   : 1.48565e+262

Final set of parameters            Asymptotic Standard Error
=======================            ==========================

m               = 0.584921         +/- 5.731e+14    (9.797e+16%)
a               = 299.516          +/- 8.403e+14    (2.806e+14%)


correlation matrix of the fit parameters:

               m      a      
m               1.000 
a              -1.000  1.000 


*******************************************************************************
Thu Nov  6 20:15:50 2014


FIT:    data read from "a1_1.dat" using 1:2:4
        format = x:z:s
        x range restricted to [0.00000 : 0.900000]
        #datapoints = 24
function used for fitting: f(x)
fitted parameters initialized with current variable values



 Iteration 0
 WSSR        : 2.51535e+276      delta(WSSR)/WSSR   : 0
 delta(WSSR) : 0                 limit for stopping : 1e-05
 lambda	  : 2.66962e+137

initial set of free parameter values

m               = 1e+06
a               = 300

The maximum lambda = 1.000000e+20 was exceeded. Fit stopped.
final sum of squares of residuals : 4.68806e+275
rel. change during last iteration : -4.36544

degrees of freedom    (FIT_NDF)                        : 22
rms of residuals      (FIT_STDFIT) = sqrt(WSSR/ndf)    : 1.45977e+137
variance of residuals (reduced chisquare) = WSSR/ndf   : 2.13093e+274

Final set of parameters            Asymptotic Standard Error
=======================            ==========================

m               = 1e+06            +/- 1.058e+21    (1.058e+17%)
a               = 299.16           +/- 9.073e+14    (3.033e+14%)


correlation matrix of the fit parameters:

               m      a      
m               1.000 
a              -1.000  1.000 


*******************************************************************************
Thu Nov  6 20:16:08 2014


FIT:    data read from "a1_1.dat" using 1:2:4
        format = x:z:s
        x range restricted to [0.00000 : 0.900000]
        #datapoints = 24
function used for fitting: f(x)
fitted parameters initialized with current variable values



 Iteration 0
 WSSR        : 2.51535e+276      delta(WSSR)/WSSR   : 0
 delta(WSSR) : 0                 limit for stopping : 1e-05
 lambda	  : 2.66962e+137

initial set of free parameter values

m               = 1e+06
a               = 300

The maximum lambda = 1.000000e+20 was exceeded. Fit stopped.
final sum of squares of residuals : 4.68806e+275
rel. change during last iteration : -4.36544

degrees of freedom    (FIT_NDF)                        : 22
rms of residuals      (FIT_STDFIT) = sqrt(WSSR/ndf)    : 1.45977e+137
variance of residuals (reduced chisquare) = WSSR/ndf   : 2.13093e+274

Final set of parameters            Asymptotic Standard Error
=======================            ==========================

m               = 1e+06            +/- 1.058e+21    (1.058e+17%)
a               = 299.16           +/- 9.073e+14    (3.033e+14%)


correlation matrix of the fit parameters:

               m      a      
m               1.000 
a              -1.000  1.000 


*******************************************************************************
Thu Nov  6 20:16:14 2014


FIT:    data read from "a1_1.dat" using 1:2:4
        format = x:z:s
        x range restricted to [0.00000 : 0.900000]
        #datapoints = 24
function used for fitting: f(x)
fitted parameters initialized with current variable values



 Iteration 0
 WSSR        : 2.51535e+276      delta(WSSR)/WSSR   : 0
 delta(WSSR) : 0                 limit for stopping : 1e-05
 lambda	  : 2.66962e+137

initial set of free parameter values

m               = 1e+06
a               = 300

The maximum lambda = 1.000000e+20 was exceeded. Fit stopped.
final sum of squares of residuals : 4.68806e+275
rel. change during last iteration : -4.36544

degrees of freedom    (FIT_NDF)                        : 22
rms of residuals      (FIT_STDFIT) = sqrt(WSSR/ndf)    : 1.45977e+137
variance of residuals (reduced chisquare) = WSSR/ndf   : 2.13093e+274

Final set of parameters            Asymptotic Standard Error
=======================            ==========================

m               = 1e+06            +/- 1.058e+21    (1.058e+17%)
a               = 299.16           +/- 9.073e+14    (3.033e+14%)


correlation matrix of the fit parameters:

               m      a      
m               1.000 
a              -1.000  1.000 


*******************************************************************************
Thu Nov  6 20:16:26 2014


FIT:    data read from "a1_1.dat" using 1:2:4
        format = x:z:s
        x range restricted to [0.00000 : 0.900000]
        #datapoints = 24
function used for fitting: f(x)
fitted parameters initialized with current variable values



 Iteration 0
 WSSR        : 2.51535e+266      delta(WSSR)/WSSR   : 0
 delta(WSSR) : 0                 limit for stopping : 1e-05
 lambda	  : 2.67942e+132

initial set of free parameter values

m               = 10
a               = 300

The maximum lambda = 1.000000e+20 was exceeded. Fit stopped.
final sum of squares of residuals : 4.67827e+265
rel. change during last iteration : -4.37666

degrees of freedom    (FIT_NDF)                        : 22
rms of residuals      (FIT_STDFIT) = sqrt(WSSR/ndf)    : 1.45825e+132
variance of residuals (reduced chisquare) = WSSR/ndf   : 2.12649e+264

Final set of parameters            Asymptotic Standard Error
=======================            ==========================

m               = 9.9285           +/- 1.766e+16    (1.779e+17%)
a               = 299.166          +/- 1.526e+15    (5.102e+14%)


correlation matrix of the fit parameters:

               m      a      
m               1.000 
a              -1.000  1.000 


*******************************************************************************
Thu Nov  6 20:16:41 2014


FIT:    data read from "a1_1.dat" using 1:2:4
        format = x:z:s
        x range restricted to [0.00000 : 0.900000]
        #datapoints = 24
function used for fitting: f(x)
fitted parameters initialized with current variable values



 Iteration 0
 WSSR        : 2.51535e+264      delta(WSSR)/WSSR   : 0
 delta(WSSR) : 0                 limit for stopping : 1e-05
 lambda	  : 3.5167e+131

initial set of free parameter values

m               = 1
a               = 300

The maximum lambda = 1.000000e+20 was exceeded. Fit stopped.
final sum of squares of residuals : 3.26844e+263
rel. change during last iteration : -6.69587

degrees of freedom    (FIT_NDF)                        : 22
rms of residuals      (FIT_STDFIT) = sqrt(WSSR/ndf)    : 1.21887e+131
variance of residuals (reduced chisquare) = WSSR/ndf   : 1.48565e+262

Final set of parameters            Asymptotic Standard Error
=======================            ==========================

m               = 0.584921         +/- 5.731e+14    (9.797e+16%)
a               = 299.516          +/- 8.403e+14    (2.806e+14%)


correlation matrix of the fit parameters:

               m      a      
m               1.000 
a              -1.000  1.000 


*******************************************************************************
Thu Nov  6 20:16:58 2014


FIT:    data read from "a1_1.dat" using 1:2:4
        format = x:z:s
        x range restricted to [0.00000 : 0.900000]
        #datapoints = 24
function used for fitting: f(x)
fitted parameters initialized with current variable values



 Iteration 0
 WSSR        : 2.51535e+258      delta(WSSR)/WSSR   : 0
 delta(WSSR) : 0                 limit for stopping : 1e-05
 lambda	  : 2.28917e+131

initial set of free parameter values

m               = 0.001
a               = 300

The maximum lambda = 1.000000e+20 was exceeded. Fit stopped.
final sum of squares of residuals : 1.04776e+255
rel. change during last iteration : -2399.69

degrees of freedom    (FIT_NDF)                        : 22
rms of residuals      (FIT_STDFIT) = sqrt(WSSR/ndf)    : 6.90112e+126
variance of residuals (reduced chisquare) = WSSR/ndf   : 4.76254e+253

Final set of parameters            Asymptotic Standard Error
=======================            ==========================

m               = 2.04095e-05      +/- 3.141e+10    (1.539e+17%)
a               = 300              +/- 1.319e+15    (4.398e+14%)


correlation matrix of the fit parameters:

               m      a      
m               1.000 
a              -1.000  1.000 


*******************************************************************************
Thu Nov  6 20:17:06 2014


FIT:    data read from "a1_1.dat" using 1:2:4
        format = x:z:s
        x range restricted to [0.00000 : 0.900000]
        #datapoints = 24
function used for fitting: f(x)
fitted parameters initialized with current variable values



 Iteration 0
 WSSR        : 2.51535e+244      delta(WSSR)/WSSR   : 0
 delta(WSSR) : 0                 limit for stopping : 1e-05
 lambda	  : 2.28917e+131

initial set of free parameter values

m               = 1e-10
a               = 300

The maximum lambda = 1.000000e+20 was exceeded. Fit stopped.
final sum of squares of residuals : 1.04762e+241
rel. change during last iteration : -2400

degrees of freedom    (FIT_NDF)                        : 22
rms of residuals      (FIT_STDFIT) = sqrt(WSSR/ndf)    : 6.90067e+119
variance of residuals (reduced chisquare) = WSSR/ndf   : 4.76193e+239

Final set of parameters            Asymptotic Standard Error
=======================            ==========================

m               = 2.04082e-12      +/- 4372         (2.142e+17%)
a               = 300              +/- 1.837e+15    (6.123e+14%)


correlation matrix of the fit parameters:

               m      a      
m               1.000 
a              -1.000  1.000 


*******************************************************************************
Thu Nov  6 20:17:18 2014


FIT:    data read from "a1_1.dat" using 1:2:4
        format = x:z:s
        x range restricted to [0.00000 : 0.900000]
        #datapoints = 24
function used for fitting: f(x)
fitted parameters initialized with current variable values



 Iteration 0
 WSSR        : 2.51535e+236      delta(WSSR)/WSSR   : 0
 delta(WSSR) : 0                 limit for stopping : 1e-05
 lambda	  : 2.28917e+131

initial set of free parameter values

m               = 1e-14
a               = 300

The maximum lambda = 1.000000e+20 was exceeded. Fit stopped.
final sum of squares of residuals : 1.04762e+233
rel. change during last iteration : -2400

degrees of freedom    (FIT_NDF)                        : 22
rms of residuals      (FIT_STDFIT) = sqrt(WSSR/ndf)    : 6.90067e+115
variance of residuals (reduced chisquare) = WSSR/ndf   : 4.76193e+231

Final set of parameters            Asymptotic Standard Error
=======================            ==========================

m               = 2.04082e-16      +/- 0.4496       (2.203e+17%)
a               = 300              +/- 1.889e+15    (6.297e+14%)


correlation matrix of the fit parameters:

               m      a      
m               1.000 
a              -1.000  1.000 


*******************************************************************************
Thu Nov  6 20:17:34 2014


FIT:    data read from "a1_1.dat" using 1:2:4
        format = x:z:s
        x range restricted to [0.00000 : 0.900000]
        #datapoints = 24
function used for fitting: f(x)
fitted parameters initialized with current variable values



 Iteration 0
 WSSR        : 2.51535e+248      delta(WSSR)/WSSR   : 0
 delta(WSSR) : 0                 limit for stopping : 1e-05
 lambda	  : 2.28917e+131

initial set of free parameter values

m               = 1e-08
a               = 300

The maximum lambda = 1.000000e+20 was exceeded. Fit stopped.
final sum of squares of residuals : 1.04762e+245
rel. change during last iteration : -2400

degrees of freedom    (FIT_NDF)                        : 22
rms of residuals      (FIT_STDFIT) = sqrt(WSSR/ndf)    : 6.90067e+121
variance of residuals (reduced chisquare) = WSSR/ndf   : 4.76193e+243

Final set of parameters            Asymptotic Standard Error
=======================            ==========================

m               = 2.04082e-10      +/- 4.356e+05    (2.135e+17%)
a               = 300              +/- 1.83e+15     (6.101e+14%)


correlation matrix of the fit parameters:

               m      a      
m               1.000 
a              -1.000  1.000 


*******************************************************************************
Thu Nov  6 20:17:44 2014


FIT:    data read from "a1_1.dat" using 1:2:4
        format = x:z:s
        x range restricted to [0.00000 : 0.900000]
        #datapoints = 24
function used for fitting: f(x)
fitted parameters initialized with current variable values



 Iteration 0
 WSSR        : 2.51535e+264      delta(WSSR)/WSSR   : 0
 delta(WSSR) : 0                 limit for stopping : 1e-05
 lambda	  : 3.5167e+131

initial set of free parameter values

m               = 1
a               = 300

The maximum lambda = 1.000000e+20 was exceeded. Fit stopped.
final sum of squares of residuals : 3.26844e+263
rel. change during last iteration : -6.69587

degrees of freedom    (FIT_NDF)                        : 22
rms of residuals      (FIT_STDFIT) = sqrt(WSSR/ndf)    : 1.21887e+131
variance of residuals (reduced chisquare) = WSSR/ndf   : 1.48565e+262

Final set of parameters            Asymptotic Standard Error
=======================            ==========================

m               = 0.584921         +/- 5.731e+14    (9.797e+16%)
a               = 299.516          +/- 8.403e+14    (2.806e+14%)


correlation matrix of the fit parameters:

               m      a      
m               1.000 
a              -1.000  1.000 


*******************************************************************************
Thu Nov  6 20:18:11 2014


FIT:    data read from "a1_1.dat" using 1:2:4
        format = x:z:s
        x range restricted to [0.00000 : 0.900000]
        #datapoints = 24
function used for fitting: f(x)
fitted parameters initialized with current variable values



 Iteration 0
 WSSR        : 1.0594e+07        delta(WSSR)/WSSR   : 0
 delta(WSSR) : 0                 limit for stopping : 1e-05
 lambda	  : 37.9124

initial set of free parameter values

m               = 1
a               = 1

After 22 iterations the fit converged.
final sum of squares of residuals : 5.39129e+06
rel. change during last iteration : -1.91628e-10

degrees of freedom    (FIT_NDF)                        : 22
rms of residuals      (FIT_STDFIT) = sqrt(WSSR/ndf)    : 495.034
variance of residuals (reduced chisquare) = WSSR/ndf   : 245059

Final set of parameters            Asymptotic Standard Error
=======================            ==========================

m               = 2.03656          +/- 2.36e+15     (1.159e+17%)
a               = 2.74476          +/- 1.083e+15    (3.945e+16%)


correlation matrix of the fit parameters:

               m      a      
m               1.000 
a              -1.000  1.000 


*******************************************************************************
Thu Nov  6 20:18:40 2014


FIT:    data read from "a1_1.dat" using 1:2:4
        format = x:z:s
        x range restricted to [0.00000 : 0.900000]
        #datapoints = 24
function used for fitting: f(x)
fitted parameters initialized with current variable values



 Iteration 0
 WSSR        : 2.51535e+264      delta(WSSR)/WSSR   : 0
 delta(WSSR) : 0                 limit for stopping : 1e-05
 lambda	  : 3.5167e+131

initial set of free parameter values

m               = 1
a               = 300

The maximum lambda = 1.000000e+20 was exceeded. Fit stopped.
final sum of squares of residuals : 3.26844e+263
rel. change during last iteration : -6.69587

degrees of freedom    (FIT_NDF)                        : 22
rms of residuals      (FIT_STDFIT) = sqrt(WSSR/ndf)    : 1.21887e+131
variance of residuals (reduced chisquare) = WSSR/ndf   : 1.48565e+262

Final set of parameters            Asymptotic Standard Error
=======================            ==========================

m               = 0.584921         +/- 5.731e+14    (9.797e+16%)
a               = 299.516          +/- 8.403e+14    (2.806e+14%)


correlation matrix of the fit parameters:

               m      a      
m               1.000 
a              -1.000  1.000 


*******************************************************************************
Thu Nov  6 20:18:59 2014


FIT:    data read from "a1_1.dat" using 1:2:4
        format = x:z:s
        x range restricted to [0.00000 : 0.900000]
        #datapoints = 24
function used for fitting: f(x)
fitted parameters initialized with current variable values



 Iteration 0
 WSSR        : 1.0594e+07        delta(WSSR)/WSSR   : 0
 delta(WSSR) : 0                 limit for stopping : 1e-05
 lambda	  : 37.9124

initial set of free parameter values

m               = 1
a               = 1

After 22 iterations the fit converged.
final sum of squares of residuals : 5.39129e+06
rel. change during last iteration : -1.91628e-10

degrees of freedom    (FIT_NDF)                        : 22
rms of residuals      (FIT_STDFIT) = sqrt(WSSR/ndf)    : 495.034
variance of residuals (reduced chisquare) = WSSR/ndf   : 245059

Final set of parameters            Asymptotic Standard Error
=======================            ==========================

m               = 2.03656          +/- 2.36e+15     (1.159e+17%)
a               = 2.74476          +/- 1.083e+15    (3.945e+16%)


correlation matrix of the fit parameters:

               m      a      
m               1.000 
a              -1.000  1.000 


*******************************************************************************
Thu Nov  6 20:19:07 2014


FIT:    data read from "a1_1.dat" using 1:2:4
        format = x:z:s
        x range restricted to [0.00000 : 0.900000]
        #datapoints = 24
function used for fitting: f(x)
fitted parameters initialized with current variable values

BREAK:          Undefined value during function evaluation



*******************************************************************************
Thu Nov  6 20:19:13 2014


FIT:    data read from "a1_1.dat" using 1:2:4
        format = x:z:s
        x range restricted to [0.00000 : 0.900000]
        #datapoints = 24
function used for fitting: f(x)
fitted parameters initialized with current variable values

BREAK:          Undefined value during function evaluation



*******************************************************************************
Thu Nov  6 20:19:17 2014


FIT:    data read from "a1_1.dat" using 1:2:4
        format = x:z:s
        x range restricted to [0.00000 : 0.900000]
        #datapoints = 24
function used for fitting: f(x)
fitted parameters initialized with current variable values

BREAK:          Undefined value during function evaluation



*******************************************************************************
Thu Nov  6 20:19:21 2014


FIT:    data read from "a1_1.dat" using 1:2:4
        format = x:z:s
        x range restricted to [0.00000 : 0.900000]
        #datapoints = 24
function used for fitting: f(x)
fitted parameters initialized with current variable values



 Iteration 0
 WSSR        : 6.51953e+89       delta(WSSR)/WSSR   : 0
 delta(WSSR) : 0                 limit for stopping : 1e-05
 lambda	  : 1.69087e+44

initial set of free parameter values

m               = 1
a               = 99

The maximum lambda = 1.000000e+20 was exceeded. Fit stopped.
final sum of squares of residuals : 7.00517e+88
rel. change during last iteration : -8.30674

degrees of freedom    (FIT_NDF)                        : 22
rms of residuals      (FIT_STDFIT) = sqrt(WSSR/ndf)    : 5.64284e+43
variance of residuals (reduced chisquare) = WSSR/ndf   : 3.18417e+87

Final set of parameters            Asymptotic Standard Error
=======================            ==========================

m               = 0.534629         +/- 8.554e+14    (1.6e+17%)
a               = 98.5108          +/- 1.523e+15    (1.546e+15%)


correlation matrix of the fit parameters:

               m      a      
m               1.000 
a              -1.000  1.000 


*******************************************************************************
Thu Nov  6 20:19:36 2014


FIT:    data read from "a1_1.dat" using 1:2:4
        format = x:z:s
        x range restricted to [0.00000 : 0.900000]
        #datapoints = 24
function used for fitting: f(x)
fitted parameters initialized with current variable values



 Iteration 0
 WSSR        : 1.0594e+07        delta(WSSR)/WSSR   : 0
 delta(WSSR) : 0                 limit for stopping : 1e-05
 lambda	  : 37.9124

initial set of free parameter values

m               = 1
a               = 1

After 22 iterations the fit converged.
final sum of squares of residuals : 5.39129e+06
rel. change during last iteration : -1.91628e-10

degrees of freedom    (FIT_NDF)                        : 22
rms of residuals      (FIT_STDFIT) = sqrt(WSSR/ndf)    : 495.034
variance of residuals (reduced chisquare) = WSSR/ndf   : 245059

Final set of parameters            Asymptotic Standard Error
=======================            ==========================

m               = 2.03656          +/- 2.36e+15     (1.159e+17%)
a               = 2.74476          +/- 1.083e+15    (3.945e+16%)


correlation matrix of the fit parameters:

               m      a      
m               1.000 
a              -1.000  1.000 


*******************************************************************************
Thu Nov  6 20:20:12 2014


FIT:    data read from "a1_1.dat" using 1:2:4
        format = x:z:s
        x range restricted to [0.00000 : 0.900000]
        #datapoints = 24
function used for fitting: f(x)
fitted parameters initialized with current variable values



*******************************************************************************
Thu Nov  6 20:21:02 2014


FIT:    data read from "a1_1.dat" using 1:2:4
        format = x:z:s
        x range restricted to [0.00000 : 0.900000]
        #datapoints = 24
function used for fitting: f(x)
fitted parameters initialized with current variable values



 Iteration 0
 WSSR        : 8.66718e+16       delta(WSSR)/WSSR   : 0
 delta(WSSR) : 0                 limit for stopping : 1e-05
 lambda	  : 151678

initial set of free parameter values

m               = 1e+06
a               = 550

After 495 iterations the fit converged.
final sum of squares of residuals : 2609.96
rel. change during last iteration : -1.89467e-09

degrees of freedom    (FIT_NDF)                        : 22
rms of residuals      (FIT_STDFIT) = sqrt(WSSR/ndf)    : 10.8919
variance of residuals (reduced chisquare) = WSSR/ndf   : 118.634

Final set of parameters            Asymptotic Standard Error
=======================            ==========================

m               = 1.86027e-07      +/- 2.747e-08    (14.77%)
a               = 45.7476          +/- 0.3468       (0.758%)


correlation matrix of the fit parameters:

               m      a      
m               1.000 
a               1.000  1.000 


*******************************************************************************
Thu Nov  6 20:22:59 2014


FIT:    data read from "a1_1.dat" using 1:2:4
        format = x:z:s
        x range restricted to [0.00000 : 0.900000]
        #datapoints = 24
function used for fitting: f(x)
fitted parameters initialized with current variable values



 Iteration 0
 WSSR        : 8.66718e+16       delta(WSSR)/WSSR   : 0
 delta(WSSR) : 0                 limit for stopping : 1e-05
 lambda	  : 151678

initial set of free parameter values

m               = 1e+06
a               = 550

After 495 iterations the fit converged.
final sum of squares of residuals : 2609.96
rel. change during last iteration : -1.89467e-09

degrees of freedom    (FIT_NDF)                        : 22
rms of residuals      (FIT_STDFIT) = sqrt(WSSR/ndf)    : 10.8919
variance of residuals (reduced chisquare) = WSSR/ndf   : 118.634

Final set of parameters            Asymptotic Standard Error
=======================            ==========================

m               = 1.86027e-07      +/- 2.747e-08    (14.77%)
a               = 45.7476          +/- 0.3468       (0.758%)


correlation matrix of the fit parameters:

               m      a      
m               1.000 
a               1.000  1.000 


*******************************************************************************
Thu Nov  6 20:25:17 2014


FIT:    data read from "a1_1.dat" using 1:2:4
        format = x:z:s
        #datapoints = 24
function used for fitting: f(x)
fitted parameters initialized with current variable values



 Iteration 0
 WSSR        : 8.66718e+16       delta(WSSR)/WSSR   : 0
 delta(WSSR) : 0                 limit for stopping : 1e-05
 lambda	  : 151678

initial set of free parameter values

m               = 1e+06
a               = 550

After 495 iterations the fit converged.
final sum of squares of residuals : 2609.96
rel. change during last iteration : -1.89467e-09

degrees of freedom    (FIT_NDF)                        : 22
rms of residuals      (FIT_STDFIT) = sqrt(WSSR/ndf)    : 10.8919
variance of residuals (reduced chisquare) = WSSR/ndf   : 118.634

Final set of parameters            Asymptotic Standard Error
=======================            ==========================

m               = 1.86027e-07      +/- 2.747e-08    (14.77%)
a               = 45.7476          +/- 0.3468       (0.758%)


correlation matrix of the fit parameters:

               m      a      
m               1.000 
a               1.000  1.000 


*******************************************************************************
Thu Nov  6 20:25:52 2014


FIT:    data read from "a2_1.dat" using 1:2:4
        format = x:z:s
        #datapoints = 25
function used for fitting: f(x)
fitted parameters initialized with current variable values



 Iteration 0
 WSSR        : 1.3978e+17        delta(WSSR)/WSSR   : 0
 delta(WSSR) : 0                 limit for stopping : 1e-05
 lambda	  : 202080

initial set of free parameter values

m               = 1e+06
a               = 550

After 18 iterations the fit converged.
final sum of squares of residuals : 4.8798e+06
rel. change during last iteration : -9.87214e-08

degrees of freedom    (FIT_NDF)                        : 23
rms of residuals      (FIT_STDFIT) = sqrt(WSSR/ndf)    : 460.614
variance of residuals (reduced chisquare) = WSSR/ndf   : 212165

Final set of parameters            Asymptotic Standard Error
=======================            ==========================

m               = 1.24273e+06      +/- 3.2e+11      (2.575e+07%)
a               = 3.84172e+07      +/- 9.901e+12    (2.577e+07%)


correlation matrix of the fit parameters:

               m      a      
m               1.000 
a               1.000  1.000 


*******************************************************************************
Thu Nov  6 20:26:27 2014


FIT:    data read from "a2_1.dat" using 1:2:4
        format = x:z:s
        #datapoints = 25
function used for fitting: f(x)
fitted parameters initialized with current variable values



 Iteration 0
 WSSR        : 5.85924e+06       delta(WSSR)/WSSR   : 0
 delta(WSSR) : 0                 limit for stopping : 1e-05
 lambda	  : 52.9125

initial set of free parameter values

m               = 10
a               = 550

After 1195 iterations the fit converged.
final sum of squares of residuals : 11442.2
rel. change during last iteration : -7.79511e-07

degrees of freedom    (FIT_NDF)                        : 23
rms of residuals      (FIT_STDFIT) = sqrt(WSSR/ndf)    : 22.3044
variance of residuals (reduced chisquare) = WSSR/ndf   : 497.486

Final set of parameters            Asymptotic Standard Error
=======================            ==========================

m               = 3.49213e-15      +/- 2.117e-15    (60.62%)
a               = 26.3388          +/- 0.4345       (1.65%)


correlation matrix of the fit parameters:

               m      a      
m               1.000 
a               1.000  1.000 


*******************************************************************************
Thu Nov  6 23:01:13 2014


FIT:    data read from "a1_1.dat" using 1:2:4
        format = x:z:s
        x range restricted to [0.00000 : 0.900000]
        #datapoints = 24
function used for fitting: f(x)
fitted parameters initialized with current variable values



 Iteration 0
 WSSR        : 8.66718e+16       delta(WSSR)/WSSR   : 0
 delta(WSSR) : 0                 limit for stopping : 1e-05
 lambda	  : 151678

initial set of free parameter values

m               = 1e+06
a               = 550

After 495 iterations the fit converged.
final sum of squares of residuals : 2609.96
rel. change during last iteration : -1.89467e-09

degrees of freedom    (FIT_NDF)                        : 22
rms of residuals      (FIT_STDFIT) = sqrt(WSSR/ndf)    : 10.8919
variance of residuals (reduced chisquare) = WSSR/ndf   : 118.634

Final set of parameters            Asymptotic Standard Error
=======================            ==========================

m               = 1.86027e-07      +/- 2.747e-08    (14.77%)
a               = 45.7476          +/- 0.3468       (0.758%)


correlation matrix of the fit parameters:

               m      a      
m               1.000 
a               1.000  1.000 


*******************************************************************************
Thu Nov  6 23:01:13 2014


FIT:    data read from "a2_1.dat" using 1:2:4
        format = x:z:s
        x range restricted to [0.00000 : 0.900000]
        #datapoints = 25
function used for fitting: f(x)
fitted parameters initialized with current variable values



 Iteration 0
 WSSR        : 5.85924e+06       delta(WSSR)/WSSR   : 0
 delta(WSSR) : 0                 limit for stopping : 1e-05
 lambda	  : 52.9125

initial set of free parameter values

m               = 10
a               = 550

After 1195 iterations the fit converged.
final sum of squares of residuals : 11442.2
rel. change during last iteration : -7.79511e-07

degrees of freedom    (FIT_NDF)                        : 23
rms of residuals      (FIT_STDFIT) = sqrt(WSSR/ndf)    : 22.3044
variance of residuals (reduced chisquare) = WSSR/ndf   : 497.486

Final set of parameters            Asymptotic Standard Error
=======================            ==========================

m               = 3.49213e-15      +/- 2.117e-15    (60.62%)
a               = 26.3388          +/- 0.4345       (1.65%)


correlation matrix of the fit parameters:

               m      a      
m               1.000 
a               1.000  1.000 


*******************************************************************************
Thu Nov  6 23:02:09 2014


FIT:    data read from "a1_1.dat" using 1:2:4
        format = x:z:s
        x range restricted to [0.00000 : 0.900000]
        #datapoints = 24
function used for fitting: f(x)
fitted parameters initialized with current variable values



 Iteration 0
 WSSR        : 8.66718e+16       delta(WSSR)/WSSR   : 0
 delta(WSSR) : 0                 limit for stopping : 1e-05
 lambda	  : 151678

initial set of free parameter values

m               = 1e+06
a               = 550

After 495 iterations the fit converged.
final sum of squares of residuals : 2609.96
rel. change during last iteration : -1.89467e-09

degrees of freedom    (FIT_NDF)                        : 22
rms of residuals      (FIT_STDFIT) = sqrt(WSSR/ndf)    : 10.8919
variance of residuals (reduced chisquare) = WSSR/ndf   : 118.634

Final set of parameters            Asymptotic Standard Error
=======================            ==========================

m               = 1.86027e-07      +/- 2.747e-08    (14.77%)
a               = 45.7476          +/- 0.3468       (0.758%)


correlation matrix of the fit parameters:

               m      a      
m               1.000 
a               1.000  1.000 


*******************************************************************************
Thu Nov  6 23:02:34 2014


FIT:    data read from "a2_1.dat" using 1:2:4
        format = x:z:s
        #datapoints = 25
function used for fitting: f(x)
fitted parameters initialized with current variable values



 Iteration 0
 WSSR        : 5.85924e+06       delta(WSSR)/WSSR   : 0
 delta(WSSR) : 0                 limit for stopping : 1e-05
 lambda	  : 52.9125

initial set of free parameter values

m               = 10
a               = 550

After 1195 iterations the fit converged.
final sum of squares of residuals : 11442.2
rel. change during last iteration : -7.79511e-07

degrees of freedom    (FIT_NDF)                        : 23
rms of residuals      (FIT_STDFIT) = sqrt(WSSR/ndf)    : 22.3044
variance of residuals (reduced chisquare) = WSSR/ndf   : 497.486

Final set of parameters            Asymptotic Standard Error
=======================            ==========================

m               = 3.49213e-15      +/- 2.117e-15    (60.62%)
a               = 26.3388          +/- 0.4345       (1.65%)


correlation matrix of the fit parameters:

               m      a      
m               1.000 
a               1.000  1.000 
